<?xml version="1.0" encoding="UTF-8"?>
<testsuite xmlns:xsi="http://www.w3.org/2001/XMLSchema-instance" xsi:noNamespaceSchemaLocation="https://maven.apache.org/surefire/maven-surefire-plugin/xsd/surefire-test-report-3.0.xsd" version="3.0" name="runner.TestNGCucumberRunner" time="14.104" tests="1" errors="0" skipped="0" failures="0">
  <properties>
[...]
</properties>
  <testcase name="runScenario[&quot;verify valid username and valid password&quot;, &quot;To verify valid username and valid password&quot;](1)" classname="runner.TestNGCucumberRunner" time="11.306">
    <system-out><![CDATA[
Scenario: verify valid username and valid password # src/test/resources/Feature/Login.feature:4
  Given Open the application                       # StepDefinition.LoginStepDefinition.open_the_application()
Entered Valid Username
Entered Valid password
Clicked on login submit button
  When Enter the valid username and password       # StepDefinition.LoginStepDefinition.enter_the_valid_username_and_password()
Waiting for 3 seconds before closing browser...
Closing browser for scenario: verify valid username and valid password
]]></system-out>
    <system-err><![CDATA[Jan 03, 2025 3:51:51 PM org.openqa.selenium.devtools.CdpVersionFinder findNearestMatch
WARNING: Unable to find an exact match for CDP version 131, returning the closest version; found: 130; Please update to a Selenium version that supports CDP version 131
]]></system-err>
  </testcase>
</testsuite>